<?xml version="1.0" encoding="UTF-8"?>
<!-- Generated by org.testng.reporters.JUnitReportReporter -->
<testsuite hostname="W01672VDI" failures="0" tests="2" name="DataShare.TestModule2" time="3.362" errors="0" timestamp="2022-04-14T17:54:27 IST" skipped="0">
  <testcase classname="DataShare.TestModule2" name="CreateBooking" time="2.818"/>
  <system-out/>
  <testcase classname="DataShare.TestModule2" name="retriveBooking" time="0.544"/>
  <system-out/>
</testsuite> <!-- DataShare.TestModule2 -->
