<?xml version="1.0" encoding="UTF-8"?>
<!-- Generated by org.testng.reporters.JUnitReportReporter -->
<testsuite hostname="W01672VDI" failures="0" tests="2" name="RestfulBooker.MultipleBookingswithReqspec" time="1.858" errors="0" timestamp="2022-04-06T19:08:08 IST" skipped="0">
  <testcase classname="RestfulBooker.MultipleBookingswithReqspec" name="createBooking" time="1.415"/>
  <system-out/>
  <testcase classname="RestfulBooker.MultipleBookingswithReqspec" name="updateBooking" time="0.443"/>
  <system-out/>
</testsuite> <!-- RestfulBooker.MultipleBookingswithReqspec -->
