<?xml version="1.0" encoding="UTF-8"?>
<!-- Generated by org.testng.reporters.JUnitReportReporter -->
<testsuite hostname="W01672VDI" failures="0" tests="2" name="DataShare.ShareData" time="3.625" errors="0" timestamp="2022-04-14T16:57:15 IST" skipped="0">
  <testcase classname="DataShare.ShareData" name="retriveBooking" time="0.442"/>
  <system-out/>
  <testcase classname="DataShare.ShareData" name="CreateBooking" time="3.183"/>
  <system-out/>
</testsuite> <!-- DataShare.ShareData -->
