<?xml version="1.0" encoding="UTF-8"?>
<!-- Generated by org.testng.reporters.JUnitReportReporter -->
<testsuite hostname="W01672VDI" failures="0" tests="2" name="DataShare.TestModule2WithThreadLocal" time="0.790" errors="0" timestamp="2022-04-14T18:51:31 IST" skipped="0">
  <testcase classname="DataShare.TestModule2WithThreadLocal" name="CreateBooking" time="0.400"/>
  <system-out/>
  <testcase classname="DataShare.TestModule2WithThreadLocal" name="retriveBooking" time="0.390"/>
  <system-out/>
</testsuite> <!-- DataShare.TestModule2WithThreadLocal -->
