<?xml version="1.0" encoding="UTF-8"?>
<!-- Generated by org.testng.reporters.JUnitReportReporter -->
<testsuite hostname="W01672VDI" failures="0" tests="1" name="JsonPathConcepts.JsonArray" time="1.372" errors="0" timestamp="2022-04-07T18:50:17 IST" skipped="0">
  <testcase classname="JsonPathConcepts.JsonArray" name="NestedJson" time="1.372"/>
  <system-out/>
</testsuite> <!-- JsonPathConcepts.JsonArray -->
