<?xml version="1.0" encoding="UTF-8"?>
<!-- Generated by org.testng.reporters.JUnitReportReporter -->
<testsuite hostname="W01672VDI" failures="0" tests="1" name="DataShare.GetBooking2" time="0.524" errors="0" timestamp="2022-04-14T19:34:56 IST" skipped="0">
  <testcase classname="DataShare.GetBooking2" name="getBooking" time="0.524"/>
  <system-out/>
</testsuite> <!-- DataShare.GetBooking2 -->
