<?xml version="1.0" encoding="UTF-8"?>
<!-- Generated by org.testng.reporters.JUnitReportReporter -->
<testsuite hostname="W01672VDI" failures="0" tests="2" name="RestfulBooker.ResponseSpec" time="1.861" errors="0" timestamp="2022-04-06T19:39:04 IST" skipped="0">
  <testcase classname="RestfulBooker.ResponseSpec" name="createBooking" time="1.390"/>
  <system-out/>
  <testcase classname="RestfulBooker.ResponseSpec" name="updateBooking" time="0.471"/>
  <system-out/>
</testsuite> <!-- RestfulBooker.ResponseSpec -->
