<?xml version="1.0" encoding="UTF-8"?>
<!-- Generated by org.testng.reporters.JUnitReportReporter -->
<testsuite hostname="W01672VDI" failures="0" tests="1" name="JsonPathConcepts.WithoutInlineAssertion" time="3.931" errors="0" timestamp="2022-04-08T11:33:43 IST" skipped="0">
  <testcase classname="JsonPathConcepts.WithoutInlineAssertion" name="CreateToken" time="3.931"/>
  <system-out/>
</testsuite> <!-- JsonPathConcepts.WithoutInlineAssertion -->
