<?xml version="1.0" encoding="UTF-8"?>
<!-- Generated by org.testng.reporters.JUnitReportReporter -->
<testsuite hostname="W01672VDI" failures="0" tests="2" name="DataShare.TestModule1withThreadLocal" time="3.518" errors="0" timestamp="2022-04-14T18:51:31 IST" skipped="0">
  <testcase classname="DataShare.TestModule1withThreadLocal" name="CreateBooking" time="2.936"/>
  <system-out/>
  <testcase classname="DataShare.TestModule1withThreadLocal" name="retriveBooking" time="0.582"/>
  <system-out/>
</testsuite> <!-- DataShare.TestModule1withThreadLocal -->
