<?xml version="1.0" encoding="UTF-8"?>
<!-- Generated by org.testng.reporters.JUnitReportReporter -->
<testsuite hostname="W01672VDI" failures="0" tests="1" name="DataShare.CreateBooking" time="2.804" errors="0" timestamp="2022-04-14T19:33:18 IST" skipped="0">
  <testcase classname="DataShare.CreateBooking" name="CreatebookingforITestContext" time="2.804"/>
  <system-out/>
</testsuite> <!-- DataShare.CreateBooking -->
