<?xml version="1.0" encoding="UTF-8"?>
<!-- Generated by org.testng.reporters.JUnitReportReporter -->
<testsuite hostname="W01672VDI" failures="0" tests="2" name="DataShare.TestModule1" time="3.346" errors="0" timestamp="2022-04-14T17:54:27 IST" skipped="0">
  <testcase classname="DataShare.TestModule1" name="CreateBooking" time="2.817"/>
  <system-out/>
  <testcase classname="DataShare.TestModule1" name="retriveBooking" time="0.529"/>
  <system-out/>
</testsuite> <!-- DataShare.TestModule1 -->
