<?xml version="1.0" encoding="UTF-8"?>
<!-- Generated by org.testng.reporters.JUnitReportReporter -->
<testsuite hostname="W01672VDI" failures="0" tests="1" name="JsonPathConcepts.SimpleNestedJson" time="1.386" errors="0" timestamp="2022-04-07T17:52:58 IST" skipped="0">
  <testcase classname="JsonPathConcepts.SimpleNestedJson" name="NestedJson" time="1.386"/>
  <system-out/>
</testsuite> <!-- JsonPathConcepts.SimpleNestedJson -->
