<?xml version="1.0" encoding="UTF-8"?>
<!-- Generated by org.testng.reporters.JUnitReportReporter -->
<testsuite hostname="W01672VDI" failures="0" tests="1" name="JsonPathConcepts.JsonPathRootnode" time="0.809" errors="0" timestamp="2022-04-07T16:22:46 IST" skipped="0">
  <testcase classname="JsonPathConcepts.JsonPathRootnode" name="JsonPathextract" time="0.809"/>
  <system-out/>
</testsuite> <!-- JsonPathConcepts.JsonPathRootnode -->
