<?xml version="1.0" encoding="UTF-8"?>
<!-- Generated by org.testng.reporters.JUnitReportReporter -->
<testsuite hostname="W01672VDI" failures="0" tests="2" name="JsonPathConcepts.WithInlineAssertions" time="3.749" errors="0" timestamp="2022-04-13T13:06:18 IST" skipped="0">
  <testcase classname="JsonPathConcepts.WithInlineAssertions" name="CreateToken" time="3.272"/>
  <system-out/>
  <testcase classname="JsonPathConcepts.WithInlineAssertions" name="GetBookingIds" time="0.477"/>
  <system-out/>
</testsuite> <!-- JsonPathConcepts.WithInlineAssertions -->
