<?xml version="1.0" encoding="UTF-8"?>
<!-- Generated by org.testng.reporters.JUnitReportReporter -->
<testsuite hostname="W01672VDI" failures="0" tests="1" name="JsonPathConcepts.JsonPathIntro" time="1.265" errors="0" timestamp="2022-04-07T15:44:15 IST" skipped="0">
  <testcase classname="JsonPathConcepts.JsonPathIntro" name="JsonPathextract" time="1.265"/>
  <system-out/>
</testsuite> <!-- JsonPathConcepts.JsonPathIntro -->
