<?xml version="1.0" encoding="UTF-8"?>
<!-- Generated by org.testng.reporters.JUnitReportReporter -->
<testsuite hostname="DESKTOP-3TK8165" failures="0" tests="1" name="DataShare.GetBooking2" time="1.928" errors="0" timestamp="2022-04-15T10:47:17 IST" skipped="0">
  <testcase classname="DataShare.GetBooking2" name="getBooking" time="1.928"/>
  <system-out/>
</testsuite> <!-- DataShare.GetBooking2 -->
