<?xml version="1.0" encoding="UTF-8"?>
<!-- Generated by org.testng.reporters.JUnitReportReporter -->
<testsuite hostname="DESKTOP-3TK8165" failures="0" tests="1" name="DataShare.CreateBooking2" time="6.085" errors="0" timestamp="2022-04-15T10:47:17 IST" skipped="0">
  <testcase classname="DataShare.CreateBooking2" name="CreatebookingforITestContext" time="6.085"/>
  <system-out/>
</testsuite> <!-- DataShare.CreateBooking2 -->
