<?xml version="1.0" encoding="UTF-8"?>
<!-- Generated by org.testng.reporters.JUnitReportReporter -->
<testsuite hostname="W01672VDI" failures="0" tests="2" name="RestfulBooker.ReqandResSpec" time="2.157" errors="0" timestamp="2022-04-06T19:55:17 IST" skipped="0">
  <testcase classname="RestfulBooker.ReqandResSpec" name="createBooking" time="1.651"/>
  <system-out/>
  <testcase classname="RestfulBooker.ReqandResSpec" name="updateBooking" time="0.506"/>
  <system-out/>
</testsuite> <!-- RestfulBooker.ReqandResSpec -->
