<?xml version="1.0" encoding="UTF-8"?>
<!-- Generated by org.testng.reporters.JUnitReportReporter -->
<testsuite hostname="W01672VDI" failures="0" tests="1" name="JsonPathConcepts.NestedArray" time="2.074" errors="0" timestamp="2022-04-08T10:44:20 IST" skipped="0">
  <testcase classname="JsonPathConcepts.NestedArray" name="NestedArrayJson" time="2.074"/>
  <system-out/>
</testsuite> <!-- JsonPathConcepts.NestedArray -->
